<?xml version="1.0" encoding="UTF-8"?>
<!-- Generated by org.testng.reporters.JUnitReportReporter -->
<testsuite hostname="DESKTOP-098VFUB" failures="0" tests="4" name="api.test.UserTests" time="9.491" errors="0" timestamp="2023-03-05T19:03:13 IST" skipped="0">
  <testcase classname="api.test.UserTests" name="test_createUser" time="4.102"/>
  <system-out/>
  <testcase classname="api.test.UserTests" name="test_getuserbyname" time="1.617"/>
  <system-out/>
  <testcase classname="api.test.UserTests" name="test_updateUser" time="2.521"/>
  <system-out/>
  <testcase classname="api.test.UserTests" name="test_deleteuserbyname" time="1.251"/>
  <system-out/>
</testsuite> <!-- api.test.UserTests -->
