<?xml version="1.0" encoding="UTF-8"?>
<!-- Generated by org.testng.reporters.JUnitReportReporter -->
<testsuite hostname="DESKTOP-098VFUB" failures="0" tests="4" name="api.test.UserTests" time="11.748" errors="0" timestamp="2023-03-07T18:40:07 IST" skipped="0">
  <testcase classname="api.test.UserTests" name="test_createUser" time="4.545"/>
  <system-out/>
  <testcase classname="api.test.UserTests" name="test_getuserbyname" time="2.317"/>
  <system-out/>
  <testcase classname="api.test.UserTests" name="test_updateUser" time="3.184"/>
  <system-out/>
  <testcase classname="api.test.UserTests" name="test_deleteuserbyname" time="1.702"/>
  <system-out/>
</testsuite> <!-- api.test.UserTests -->
