<?xml version="1.0" encoding="UTF-8"?>
<!-- Generated by org.testng.reporters.JUnitReportReporter -->
<testsuite hostname="DESKTOP-098VFUB" failures="0" tests="4" name="api.test.UserTests" time="9.910" errors="0" timestamp="2023-03-07T18:45:26 IST" skipped="0">
  <testcase classname="api.test.UserTests" name="test_createUser" time="4.482"/>
  <system-out/>
  <testcase classname="api.test.UserTests" name="test_getuserbyname" time="1.413"/>
  <system-out/>
  <testcase classname="api.test.UserTests" name="test_updateUser" time="2.678"/>
  <system-out/>
  <testcase classname="api.test.UserTests" name="test_deleteuserbyname" time="1.337"/>
  <system-out/>
</testsuite> <!-- api.test.UserTests -->
